<?xml version="1.0" encoding="UTF-8"?>
<testng-results skipped="0" failed="0" ignored="0" total="0" passed="0">
  <reporter-output>
  </reporter-output>
  <suite name="Surefire suite" duration-ms="46739" started-at="2021-02-16T02:45:41 BRT" finished-at="2021-02-16T02:46:28 BRT">
    <groups>
    </groups>
    <test name="Surefire test" duration-ms="46739" started-at="2021-02-16T02:45:41 BRT" finished-at="2021-02-16T02:46:28 BRT">
    </test> <!-- Surefire test -->
  </suite> <!-- Surefire suite -->
</testng-results>
